[11:01:40] [main/INFO] (FabricLoader) Loading for game Minecraft 1.16.3
[11:01:41] [main/INFO] (Fabric|Loader) [FabricLoader] Loading 50 mods: fabric-renderer-api-v1@0.3.0+8bcfced895, fabric-keybindings-v0@0.2.0+3fa9f7c595, roughlyenoughitems-api@5.4.2, fabricloader@0.9.3+build.207, bmpack@1.1.0, fabric-structure-api-v1@1.0.1+fb0d9b0e95, fabric-containers-v0@0.1.8+045df74f95, fabric-object-builder-api-v1@1.8.0+c1aa8ed895, fabric-game-rule-api-v1@1.0.1+91555cd14e, fabric-api-base@0.1.3+12a8474c95, fabric-rendering-data-attachment-v1@0.1.3+b7f9825d95, fabric-textures-v0@1.0.4+eae12eb895, fabric-rendering-fluids-v1@0.1.11+fb0d9b0e95, fabric-blockrenderlayer-v1@1.1.4+c6a8ea8995, fabric-lifecycle-events-v1@1.2.0+74cc3b2095, fabric-renderer-registries-v1@2.1.0+e2862de695, fabric-loot-tables-v1@1.0.1+432ea18895, fabric@0.21.0+build.407-1.16, fabric-particles-v1@0.2.2+fb0d9b0e95, fabric-networking-v0@0.1.10+e00ecb5f95, minecraft@1.16.3, roughlyenoughitems-default-plugin@5.4.2, fabric-screen-handler-api-v1@1.1.0+8724984195, fabric-networking-blockentity-v0@0.2.5+b50ffc7b95, fabric-command-api-v1@1.0.8+5ce5339895, cloth-basic-math@0.5.1, fabric-tool-attribute-api-v1@1.2.2+ccce563e95, roughlyenoughitems-runtime@5.4.2, fabric-renderer-indigo@0.4.0+8bcfced895, cloth-client-events-v0@1.4.5, roughlyenoughitems@5.4.2, fabric-item-api-v1@1.1.0+29679fd695, fabric-events-interaction-v0@0.4.0+e2e6cdad95, fabric-crash-report-info-v1@0.1.2+b7f9825d95, fabric-rendering-v0@1.1.0+5341049095, fabric-rendering-v1@1.3.0+432ea18895, fabric-key-binding-api-v1@1.0.1+730711c695, cloth-config2@4.8.1, autoconfig1u@3.2.0-unstable, fabric-resource-loader-v0@0.3.1+facf3bbf95, fabric-content-registries-v0@0.1.9+059ea86695, fabric-tag-extensions-v0@1.0.3+ac8e8c5995, fabric-biome-api-v1@2.0.0+c29459ab95, fabric-registry-sync-v0@0.5.0+c1aa8ed895, fabric-commands-v0@0.2.0+52d3083695, fabric-mining-levels-v0@0.1.2+b764ce9995, fabric-events-lifecycle-v0@0.2.0+16acbe5b95, fabric-item-groups-v0@0.2.0+438f963695, fabric-models-v0@0.1.0+dfdb52d695, fabric-object-builders-v0@0.7.0+432ea18895
[11:01:42] [main/INFO] (mixin) SpongePowered MIXIN Subsystem Version=0.8.1 Source=file:/C:/Users/jeh12/.gradle/caches/modules-2/files-2.1/net.fabricmc/sponge-mixin/0.8.1+build.21/94da90bdbee9f95bf6d6c41ca87943419a0b5624/sponge-mixin-0.8.1+build.21.jar Service=Knot/Fabric Env=CLIENT
[11:01:42] [main/INFO] (Fabric|MixinBootstrap) Loaded Fabric development mappings for mixin remapper!
[11:01:42] [main/INFO] (mixin) Remapping refMap fabric-networking-v0-refmap.json using remapper chain
[11:01:42] [main/INFO] (mixin) Remapping refMap fabric-networking-blockentity-v0-refmap.json using remapper chain
[11:01:42] [main/INFO] (mixin) Remapping refMap fabric-screen-handler-api-v1-refmap.json using remapper chain
[11:01:42] [main/INFO] (mixin) Remapping refMap fabric-lifecycle-events-v1-refmap.json using remapper chain
[11:01:42] [main/INFO] (mixin) Remapping refMap fabric-containers-v0-refmap.json using remapper chain
[11:01:42] [main/INFO] (mixin) Remapping refMap fabric-rendering-data-attachment-v1-refmap.json using remapper chain
[11:01:42] [main/INFO] (mixin) Remapping refMap fabric-renderer-indigo-refmap.json using remapper chain
[11:01:42] [main/INFO] (mixin) Remapping refMap fabric-structure-api-v1-refmap.json using remapper chain
[11:01:42] [main/INFO] (mixin) Remapping refMap fabric-item-api-v1-refmap.json using remapper chain
[11:01:42] [main/INFO] (mixin) Remapping refMap fabric-events-interaction-v0-refmap.json using remapper chain
[11:01:42] [main/INFO] (mixin) Remapping refMap fabric-loot-tables-v1-refmap.json using remapper chain
[11:01:42] [main/INFO] (mixin) Remapping refMap fabric-object-builder-api-v1-refmap.json using remapper chain
[11:01:42] [main/INFO] (mixin) Remapping refMap fabric-renderer-registries-v1-refmap.json using remapper chain
[11:01:42] [main/INFO] (mixin) Remapping refMap fabric-textures-v0-refmap.json using remapper chain
[11:01:42] [main/INFO] (mixin) Remapping refMap fabric-registry-sync-v0-refmap.json using remapper chain
[11:01:42] [main/INFO] (mixin) Remapping refMap fabric-models-v0-refmap.json using remapper chain
[11:01:42] [main/INFO] (mixin) Remapping refMap fabric-blockrenderlayer-v1-refmap.json using remapper chain
[11:01:42] [main/INFO] (mixin) Remapping refMap fabric-renderer-api-v1-refmap.json using remapper chain
[11:01:42] [main/INFO] (mixin) Remapping refMap fabric-containers-v0-refmap.json using remapper chain
[11:01:42] [main/INFO] (mixin) Remapping refMap fabric-rendering-fluids-v1-refmap.json using remapper chain
[11:01:42] [main/INFO] (mixin) Remapping refMap fabric-biome-api-v1-refmap.json using remapper chain
[11:01:42] [main/INFO] (mixin) Remapping refMap fabric-resource-loader-v0-refmap.json using remapper chain
[11:01:42] [main/INFO] (mixin) Remapping refMap fabric-game-rule-api-v1-refmap.json using remapper chain
[11:01:42] [main/INFO] (mixin) Remapping refMap fabric-particles-v1-refmap.json using remapper chain
[11:01:42] [main/INFO] (mixin) Remapping refMap fabric-object-builders-refmap.json using remapper chain
[11:01:42] [main/INFO] (mixin) Remapping refMap fabric-tag-extensions-v0-refmap.json using remapper chain
[11:01:42] [main/INFO] (mixin) Remapping refMap fabric-tool-attribute-api-v1-refmap.json using remapper chain
[11:01:42] [main/INFO] (mixin) Remapping refMap fabric-rendering-v1-refmap.json using remapper chain
[11:01:42] [main/INFO] (mixin) Remapping refMap fabric-item-groups-v0-refmap.json using remapper chain
[11:01:42] [main/INFO] (mixin) Remapping refMap cloth-client-events-v0-refmap.json using remapper chain
[11:01:42] [main/INFO] (mixin) Remapping refMap fabric-content-registries-v0-refmap.json using remapper chain
[11:01:42] [main/INFO] (mixin) Remapping refMap fabric-command-api-v1-refmap.json using remapper chain
[11:01:42] [main/INFO] (mixin) Remapping refMap fabric-crash-report-info-v1-refmap.json using remapper chain
[11:01:42] [main/INFO] (mixin) Remapping refMap fabric-key-binding-api-v1-refmap.json using remapper chain
[11:01:42] [main/INFO] (mixin) Remapping refMap fabric-renderer-api-v1-refmap.json using remapper chain
[11:01:43] [main/WARN] (mixin) @Mixin target net/minecraft/server/world/ThreadedAnvilChunkStorage$EntityTracker is public in fabric-networking-v0.mixins.json:MixinEntityTracker and should be specified in value
[11:01:43] [main/WARN] (mixin) @Mixin target net/minecraft/client/render/block/BlockModelRenderer$AmbientOcclusionCalculator is public in fabric-renderer-indigo.mixins.json:MixinAmbientOcclusionCalculator and should be specified in value
[11:01:43] [main/WARN] (mixin) @Mixin target net/minecraft/client/render/chunk/ChunkBuilder$BuiltChunk$RebuildTask is public in fabric-renderer-indigo.mixins.json:MixinChunkRebuildTask and should be specified in value
[11:01:43] [main/WARN] (mixin) @Mixin target net/minecraft/village/TradeOffers$TypeAwareBuyForOneEmeraldFactory is public in fabric-object-builder-v1.mixins.json:TypeAwareTradeMixin and should be specified in value
[11:01:44] [main/WARN] (mixin) @Mixin target net/minecraft/server/command/GameRuleCommand$1 is public in fabric-game-rule-api-v1.mixins.json:GameRuleCommandVisitorMixin and should be specified in value
[11:01:44] [main/WARN] (mixin) @Mixin target net/minecraft/client/gui/screen/world/EditGameRulesScreen$RuleListWidget$1 is public in fabric-game-rule-api-v1.mixins.json:client.RuleListWidgetVisitorMixin and should be specified in value
[11:01:44] [main/WARN] (mixin) @Mixin target net/minecraft/client/particle/ParticleManager$SimpleSpriteProvider is public in fabric-particles-v1.mixins.json:ParticleManagerAccessor$SimpleSpriteProviderAccessor and should be specified in value
[11:01:44] [main/WARN] (mixin) @Mixin target net/minecraft/tag/Tag$1 is public in fabric-tag-extensions-v0.mixins.json:MixinTagImpl and should be specified in value
[11:01:44] [main/WARN] (mixin) @Mixin target net/minecraft/tag/RequiredTagList$TagWrapper is public in fabric-tag-extensions-v0.mixins.json:MixinTagImpl and should be specified in value
[11:02:03] [main/INFO] (Minecraft) Environment: authHost='https://authserver.mojang.com', accountsHost='https://api.mojang.com', sessionHost='https://sessionserver.mojang.com', name='PROD'
[11:02:03] [main/INFO] (Minecraft) Setting user: Player543
[11:02:04] [main/INFO] (Minecraft) [STDOUT]: Hello Fabric world!
[11:02:06] [main/INFO] (REI) Config loaded.
[11:02:06] [main/INFO] (Indigo) [Indigo] Registering Indigo renderer!
[11:02:07] [main/INFO] (Minecraft) Backend library: LWJGL version 3.2.2 build 10
[11:02:14] [main/INFO] (Minecraft) Narrator library for x64 successfully loaded
[11:02:14] [main/INFO] (Minecraft) Reloading ResourceManager: Default, Fabric Renderer API (v1), Fabric Key Bindings (v0), Fabric Loader, Bonemeal Packets, Fabric Containers (v0), Fabric Object Builder API (v1), Fabric Game Rule API (v1), Fabric API Base, Fabric Rendering Data Attachment (v1), Fabric Textures (v0), Fabric Rendering Fluids (v1), Fabric BlockRenderLayer Registration (v1), Fabric Lifecycle Events (v1), Fabric Renderer Registries (v1), Fabric Loot Tables (v1), Fabric API, Fabric Networking (v0), Fabric Screen Handler API (v1), Fabric Networking Block Entity (v0), Fabric Tool Attribute API (v1), REI (Runtime), Fabric Renderer - Indigo, Roughly Enough Items, Fabric Item API (v1), Fabric Events Interaction (v0), Fabric Crash Report Info (v1), Fabric Rendering (v0), Fabric Rendering (v1), Fabric Key Binding API (v1), Cloth Config v4, Auto Config v1 Updated, Fabric Resource Loader (v0), Fabric Content Registries (v0), Fabric Tag Extensions (v0), Fabric Biome API (v1), Fabric Registry Sync (v0), Fabric Mining Levels (v0), Fabric Events Lifecycle (v0), Fabric Item Groups (v0), Fabric Models (v0), Fabric Object Builders (v0)
[11:02:42] [Worker-Main-5/WARN] (Minecraft) Texture bmpack:item/bonemeal_crate with size 24x24 limits mip level from 4 to 3
[11:02:42] [Worker-Main-5/WARN] (Minecraft) minecraft:textures/atlas/blocks.png: dropping miplevel from 4 to 3, because of minimum power of two: 8
[11:02:49] [main/INFO] (Minecraft) OpenAL initialized.
[11:02:50] [main/INFO] (Minecraft) Sound engine started
[11:02:50] [main/INFO] (Minecraft) Created: 1024x1024x3 minecraft:textures/atlas/blocks.png-atlas
[11:02:52] [main/INFO] (Minecraft) Created: 256x128x4 minecraft:textures/atlas/signs.png-atlas
[11:02:52] [main/INFO] (Minecraft) Created: 1024x512x4 minecraft:textures/atlas/banner_patterns.png-atlas
[11:02:52] [main/INFO] (Minecraft) Created: 1024x512x4 minecraft:textures/atlas/shield_patterns.png-atlas
[11:02:52] [main/INFO] (Minecraft) Created: 256x256x4 minecraft:textures/atlas/chest.png-atlas
[11:02:52] [main/INFO] (Minecraft) Created: 512x256x4 minecraft:textures/atlas/beds.png-atlas
[11:02:52] [main/INFO] (Minecraft) Created: 512x256x4 minecraft:textures/atlas/shulker_boxes.png-atlas
[11:02:55] [main/INFO] (Minecraft) Created: 256x256x0 minecraft:textures/atlas/particles.png-atlas
[11:02:55] [main/INFO] (Minecraft) Created: 256x256x0 minecraft:textures/atlas/paintings.png-atlas
[11:02:55] [main/INFO] (Minecraft) Created: 256x128x0 minecraft:textures/atlas/mob_effects.png-atlas
[11:03:07] [main/WARN] (Minecraft) Ambiguity between arguments [teleport, destination] and [teleport, targets] with inputs: [Player, 0123, @e, dd12be42-52a9-4a91-a8a1-11c01849e498]
[11:03:07] [main/WARN] (Minecraft) Ambiguity between arguments [teleport, location] and [teleport, destination] with inputs: [0.1 -0.5 .9, 0 0 0]
[11:03:07] [main/WARN] (Minecraft) Ambiguity between arguments [teleport, location] and [teleport, targets] with inputs: [0.1 -0.5 .9, 0 0 0]
[11:03:07] [main/WARN] (Minecraft) Ambiguity between arguments [teleport, targets] and [teleport, destination] with inputs: [Player, 0123, dd12be42-52a9-4a91-a8a1-11c01849e498]
[11:03:07] [main/WARN] (Minecraft) Ambiguity between arguments [teleport, targets, location] and [teleport, targets, destination] with inputs: [0.1 -0.5 .9, 0 0 0]
[11:03:07] [main/INFO] (Minecraft) Reloading ResourceManager: Default, Bonemeal Packets, Fabric Tool Attribute API (v1)
[11:03:12] [main/INFO] (Minecraft) Loaded 7 recipes
[11:03:13] [main/INFO] (Minecraft) Loaded 927 advancements
[11:03:16] [main/INFO] (Minecraft) Environment: authHost='https://authserver.mojang.com', accountsHost='https://api.mojang.com', sessionHost='https://sessionserver.mojang.com', name='PROD'
[11:03:17] [Server thread/INFO] (Minecraft) Starting integrated minecraft server version 1.16.3
[11:03:17] [Server thread/INFO] (Minecraft) Generating keypair
[11:03:18] [Server thread/INFO] (Minecraft) Preparing start region for dimension minecraft:overworld
[11:03:23] [main/INFO] (Minecraft) Preparing spawn area: 0%
[11:03:23] [main/INFO] (Minecraft) Preparing spawn area: 0%
[11:03:24] [main/INFO] (Minecraft) Preparing spawn area: 0%
[11:03:24] [main/INFO] (Minecraft) Preparing spawn area: 0%
[11:03:24] [main/INFO] (Minecraft) Preparing spawn area: 0%
[11:03:24] [main/INFO] (Minecraft) Preparing spawn area: 0%
[11:03:24] [main/INFO] (Minecraft) Preparing spawn area: 0%
[11:03:24] [main/INFO] (Minecraft) Preparing spawn area: 0%
[11:03:24] [main/INFO] (Minecraft) Preparing spawn area: 0%
[11:03:24] [main/INFO] (Minecraft) Preparing spawn area: 0%
[11:03:24] [main/INFO] (Minecraft) Preparing spawn area: 0%
[11:03:25] [main/INFO] (Minecraft) Preparing spawn area: 0%
[11:03:25] [main/INFO] (Minecraft) Preparing spawn area: 0%
[11:03:25] [main/INFO] (Minecraft) Preparing spawn area: 0%
[11:03:25] [main/INFO] (Minecraft) Preparing spawn area: 0%
[11:03:26] [main/INFO] (Minecraft) Preparing spawn area: 83%
[11:03:31] [main/INFO] (Minecraft) Preparing spawn area: 83%
[11:03:31] [main/INFO] (Minecraft) Preparing spawn area: 83%
[11:03:31] [main/INFO] (Minecraft) Preparing spawn area: 83%
[11:03:31] [main/INFO] (Minecraft) Preparing spawn area: 83%
[11:03:31] [main/INFO] (Minecraft) Preparing spawn area: 83%
[11:03:31] [main/INFO] (Minecraft) Preparing spawn area: 83%
[11:03:31] [main/INFO] (Minecraft) Preparing spawn area: 83%
[11:03:31] [main/INFO] (Minecraft) Preparing spawn area: 83%
[11:03:31] [main/INFO] (Minecraft) Preparing spawn area: 83%
[11:03:31] [main/INFO] (Minecraft) Preparing spawn area: 83%
[11:03:31] [main/INFO] (Minecraft) Preparing spawn area: 83%
[11:03:32] [main/INFO] (Minecraft) Preparing spawn area: 95%
[11:03:32] [main/INFO] (Minecraft) Preparing spawn area: 95%
[11:03:33] [main/INFO] (Minecraft) Preparing spawn area: 95%
[11:03:33] [main/INFO] (Minecraft) Preparing spawn area: 95%
[11:03:34] [main/INFO] (Minecraft) Preparing spawn area: 96%
[11:03:34] [main/INFO] (Minecraft) Preparing spawn area: 96%
[11:03:35] [main/INFO] (Minecraft) Time elapsed: 16464 ms
[11:03:35] [Server thread/INFO] (Minecraft) Changing view distance to 5, from 10
[11:03:38] [Server thread/INFO] (Minecraft) Player543[local:E:13f8d572] logged in with entity id 279 at (-187.66454991534366, 63.0, -212.16298753056773)
[11:03:38] [Server thread/INFO] (Minecraft) Player543 joined the game
[11:03:39] [Server thread/INFO] (Minecraft) Saving and pausing game...
[11:03:39] [Server thread/INFO] (Minecraft) Saving chunks for level 'ServerLevel[New World]'/minecraft:overworld
[11:03:39] [REI-SyncRecipes/INFO] (REI) Reloading REI, registered 3 plugins: bmpack:example_plugin, roughlyenoughitems:default_runtime_plugin, roughlyenoughitems:default_plugin
[11:03:40] [main/INFO] (Minecraft) Loaded 0 advancements
[11:03:40] [REI-SyncRecipes/INFO] (REI/DefaultPlugin) Applied Check Tags for potion in 16ms.
[11:03:40] [REI-SyncRecipes/INFO] (REI) Reloaded 1253 stack entries, 1344 recipes displays, 3 exclusion zones suppliers, 5 overlay deciders, 1 visibility handlers and 16 categories (Crafting, Smelting, Smoking, Blasting, Campfire, Stone Cutting, Fuel, Brewing, Composting, Stripping, Smithing, Beacon Base, Beacon Payment, Tilling, Pathing, Information) in 777ms.
[11:03:41] [Worker-Main-7/WARN] (Minecraft) Couldn't look up profile properties for com.mojang.authlib.GameProfile@21b7229f[id=8b099b45-7c1f-3749-8e57-5c8f500dad04,name=Player543,properties={},legacy=false]
com.mojang.authlib.exceptions.AuthenticationUnavailableException: Cannot contact authentication server
	at com.mojang.authlib.yggdrasil.YggdrasilAuthenticationService.makeRequest(YggdrasilAuthenticationService.java:104) ~[authlib-1.6.25.jar:?]
	at com.mojang.authlib.yggdrasil.YggdrasilMinecraftSessionService.fillGameProfile(YggdrasilMinecraftSessionService.java:186) ~[authlib-1.6.25.jar:?]
	at com.mojang.authlib.yggdrasil.YggdrasilMinecraftSessionService$1.load(YggdrasilMinecraftSessionService.java:61) ~[authlib-1.6.25.jar:?]
	at com.mojang.authlib.yggdrasil.YggdrasilMinecraftSessionService$1.load(YggdrasilMinecraftSessionService.java:58) ~[authlib-1.6.25.jar:?]
	at com.google.common.cache.LocalCache$LoadingValueReference.loadFuture(LocalCache.java:3716) ~[guava-21.0.jar:?]
	at com.google.common.cache.LocalCache$Segment.loadSync(LocalCache.java:2424) ~[guava-21.0.jar:?]
	at com.google.common.cache.LocalCache$Segment.lockedGetOrLoad(LocalCache.java:2298) ~[guava-21.0.jar:?]
	at com.google.common.cache.LocalCache$Segment.get(LocalCache.java:2211) ~[guava-21.0.jar:?]
	at com.google.common.cache.LocalCache.get(LocalCache.java:4154) ~[guava-21.0.jar:?]
	at com.google.common.cache.LocalCache.getOrLoad(LocalCache.java:4158) ~[guava-21.0.jar:?]
	at com.google.common.cache.LocalCache$LocalLoadingCache.get(LocalCache.java:5147) ~[guava-21.0.jar:?]
	at com.google.common.cache.LocalCache$LocalLoadingCache.getUnchecked(LocalCache.java:5153) ~[guava-21.0.jar:?]
	at com.mojang.authlib.yggdrasil.YggdrasilMinecraftSessionService.fillProfileProperties(YggdrasilMinecraftSessionService.java:176) ~[authlib-1.6.25.jar:?]
	at net.minecraft.client.MinecraftClient.getSessionProperties(MinecraftClient.java:2349) ~[minecraft-1.16.3-mapped-net.fabricmc.yarn-1.16.3+build.11-v2.jar:?]
	at net.minecraft.client.texture.PlayerSkinProvider.method_4653(PlayerSkinProvider.java:98) ~[minecraft-1.16.3-mapped-net.fabricmc.yarn-1.16.3+build.11-v2.jar:?]
	at java.util.concurrent.ForkJoinTask$RunnableExecuteAction.exec(ForkJoinTask.java:1425) [?:?]
	at java.util.concurrent.ForkJoinTask.doExec(ForkJoinTask.java:290) [?:?]
	at java.util.concurrent.ForkJoinPool$WorkQueue.topLevelExec(ForkJoinPool.java:1016) [?:?]
	at java.util.concurrent.ForkJoinPool.scan(ForkJoinPool.java:1665) [?:?]
	at java.util.concurrent.ForkJoinPool.runWorker(ForkJoinPool.java:1598) [?:?]
	at java.util.concurrent.ForkJoinWorkerThread.run(ForkJoinWorkerThread.java:177) [?:?]
Caused by: javax.net.ssl.SSLHandshakeException: PKIX path building failed: sun.security.provider.certpath.SunCertPathBuilderException: unable to find valid certification path to requested target
	at sun.security.ssl.Alert.createSSLException(Alert.java:131) ~[?:?]
	at sun.security.ssl.TransportContext.fatal(TransportContext.java:324) ~[?:?]
	at sun.security.ssl.TransportContext.fatal(TransportContext.java:267) ~[?:?]
	at sun.security.ssl.TransportContext.fatal(TransportContext.java:262) ~[?:?]
	at sun.security.ssl.CertificateMessage$T12CertificateConsumer.checkServerCerts(CertificateMessage.java:645) ~[?:?]
	at sun.security.ssl.CertificateMessage$T12CertificateConsumer.onCertificate(CertificateMessage.java:464) ~[?:?]
	at sun.security.ssl.CertificateMessage$T12CertificateConsumer.consume(CertificateMessage.java:360) ~[?:?]
	at sun.security.ssl.SSLHandshake.consume(SSLHandshake.java:396) ~[?:?]
	at sun.security.ssl.HandshakeContext.dispatch(HandshakeContext.java:444) ~[?:?]
	at sun.security.ssl.HandshakeContext.dispatch(HandshakeContext.java:422) ~[?:?]
	at sun.security.ssl.TransportContext.dispatch(TransportContext.java:181) ~[?:?]
	at sun.security.ssl.SSLTransport.decode(SSLTransport.java:164) ~[?:?]
	at sun.security.ssl.SSLSocketImpl.decode(SSLSocketImpl.java:1460) ~[?:?]
	at sun.security.ssl.SSLSocketImpl.readHandshakeRecord(SSLSocketImpl.java:1368) ~[?:?]
	at sun.security.ssl.SSLSocketImpl.startHandshake(SSLSocketImpl.java:437) ~[?:?]
	at sun.net.www.protocol.https.HttpsClient.afterConnect(HttpsClient.java:567) ~[?:?]
	at sun.net.www.protocol.https.AbstractDelegateHttpsURLConnection.connect(AbstractDelegateHttpsURLConnection.java:171) ~[?:?]
	at sun.net.www.protocol.http.HttpURLConnection.getInputStream0(HttpURLConnection.java:1587) ~[?:?]
	at sun.net.www.protocol.http.HttpURLConnection.getInputStream(HttpURLConnection.java:1515) ~[?:?]
	at sun.net.www.protocol.https.HttpsURLConnectionImpl.getInputStream(HttpsURLConnectionImpl.java:224) ~[?:?]
	at com.mojang.authlib.HttpAuthenticationService.performGetRequest(HttpAuthenticationService.java:130) ~[authlib-1.6.25.jar:?]
	at com.mojang.authlib.yggdrasil.YggdrasilAuthenticationService.makeRequest(YggdrasilAuthenticationService.java:85) ~[authlib-1.6.25.jar:?]
	... 20 more
Caused by: sun.security.validator.ValidatorException: PKIX path building failed: sun.security.provider.certpath.SunCertPathBuilderException: unable to find valid certification path to requested target
	at sun.security.validator.PKIXValidator.doBuild(PKIXValidator.java:438) ~[?:?]
	at sun.security.validator.PKIXValidator.engineValidate(PKIXValidator.java:305) ~[?:?]
	at sun.security.validator.Validator.validate(Validator.java:264) ~[?:?]
	at sun.security.ssl.X509TrustManagerImpl.checkTrusted(X509TrustManagerImpl.java:231) ~[?:?]
	at sun.security.ssl.X509TrustManagerImpl.checkServerTrusted(X509TrustManagerImpl.java:132) ~[?:?]
	at sun.security.ssl.CertificateMessage$T12CertificateConsumer.checkServerCerts(CertificateMessage.java:629) ~[?:?]
	at sun.security.ssl.CertificateMessage$T12CertificateConsumer.onCertificate(CertificateMessage.java:464) ~[?:?]
	at sun.security.ssl.CertificateMessage$T12CertificateConsumer.consume(CertificateMessage.java:360) ~[?:?]
	at sun.security.ssl.SSLHandshake.consume(SSLHandshake.java:396) ~[?:?]
	at sun.security.ssl.HandshakeContext.dispatch(HandshakeContext.java:444) ~[?:?]
	at sun.security.ssl.HandshakeContext.dispatch(HandshakeContext.java:422) ~[?:?]
	at sun.security.ssl.TransportContext.dispatch(TransportContext.java:181) ~[?:?]
	at sun.security.ssl.SSLTransport.decode(SSLTransport.java:164) ~[?:?]
	at sun.security.ssl.SSLSocketImpl.decode(SSLSocketImpl.java:1460) ~[?:?]
	at sun.security.ssl.SSLSocketImpl.readHandshakeRecord(SSLSocketImpl.java:1368) ~[?:?]
	at sun.security.ssl.SSLSocketImpl.startHandshake(SSLSocketImpl.java:437) ~[?:?]
	at sun.net.www.protocol.https.HttpsClient.afterConnect(HttpsClient.java:567) ~[?:?]
	at sun.net.www.protocol.https.AbstractDelegateHttpsURLConnection.connect(AbstractDelegateHttpsURLConnection.java:171) ~[?:?]
	at sun.net.www.protocol.http.HttpURLConnection.getInputStream0(HttpURLConnection.java:1587) ~[?:?]
	at sun.net.www.protocol.http.HttpURLConnection.getInputStream(HttpURLConnection.java:1515) ~[?:?]
	at sun.net.www.protocol.https.HttpsURLConnectionImpl.getInputStream(HttpsURLConnectionImpl.java:224) ~[?:?]
	at com.mojang.authlib.HttpAuthenticationService.performGetRequest(HttpAuthenticationService.java:130) ~[authlib-1.6.25.jar:?]
	at com.mojang.authlib.yggdrasil.YggdrasilAuthenticationService.makeRequest(YggdrasilAuthenticationService.java:85) ~[authlib-1.6.25.jar:?]
	... 20 more
Caused by: sun.security.provider.certpath.SunCertPathBuilderException: unable to find valid certification path to requested target
	at sun.security.provider.certpath.SunCertPathBuilder.build(SunCertPathBuilder.java:141) ~[?:?]
	at sun.security.provider.certpath.SunCertPathBuilder.engineBuild(SunCertPathBuilder.java:126) ~[?:?]
	at java.security.cert.CertPathBuilder.build(CertPathBuilder.java:297) ~[?:?]
	at sun.security.validator.PKIXValidator.doBuild(PKIXValidator.java:433) ~[?:?]
	at sun.security.validator.PKIXValidator.engineValidate(PKIXValidator.java:305) ~[?:?]
	at sun.security.validator.Validator.validate(Validator.java:264) ~[?:?]
	at sun.security.ssl.X509TrustManagerImpl.checkTrusted(X509TrustManagerImpl.java:231) ~[?:?]
	at sun.security.ssl.X509TrustManagerImpl.checkServerTrusted(X509TrustManagerImpl.java:132) ~[?:?]
	at sun.security.ssl.CertificateMessage$T12CertificateConsumer.checkServerCerts(CertificateMessage.java:629) ~[?:?]
	at sun.security.ssl.CertificateMessage$T12CertificateConsumer.onCertificate(CertificateMessage.java:464) ~[?:?]
	at sun.security.ssl.CertificateMessage$T12CertificateConsumer.consume(CertificateMessage.java:360) ~[?:?]
	at sun.security.ssl.SSLHandshake.consume(SSLHandshake.java:396) ~[?:?]
	at sun.security.ssl.HandshakeContext.dispatch(HandshakeContext.java:444) ~[?:?]
	at sun.security.ssl.HandshakeContext.dispatch(HandshakeContext.java:422) ~[?:?]
	at sun.security.ssl.TransportContext.dispatch(TransportContext.java:181) ~[?:?]
	at sun.security.ssl.SSLTransport.decode(SSLTransport.java:164) ~[?:?]
	at sun.security.ssl.SSLSocketImpl.decode(SSLSocketImpl.java:1460) ~[?:?]
	at sun.security.ssl.SSLSocketImpl.readHandshakeRecord(SSLSocketImpl.java:1368) ~[?:?]
	at sun.security.ssl.SSLSocketImpl.startHandshake(SSLSocketImpl.java:437) ~[?:?]
	at sun.net.www.protocol.https.HttpsClient.afterConnect(HttpsClient.java:567) ~[?:?]
	at sun.net.www.protocol.https.AbstractDelegateHttpsURLConnection.connect(AbstractDelegateHttpsURLConnection.java:171) ~[?:?]
	at sun.net.www.protocol.http.HttpURLConnection.getInputStream0(HttpURLConnection.java:1587) ~[?:?]
	at sun.net.www.protocol.http.HttpURLConnection.getInputStream(HttpURLConnection.java:1515) ~[?:?]
	at sun.net.www.protocol.https.HttpsURLConnectionImpl.getInputStream(HttpsURLConnectionImpl.java:224) ~[?:?]
	at com.mojang.authlib.HttpAuthenticationService.performGetRequest(HttpAuthenticationService.java:130) ~[authlib-1.6.25.jar:?]
	at com.mojang.authlib.yggdrasil.YggdrasilAuthenticationService.makeRequest(YggdrasilAuthenticationService.java:85) ~[authlib-1.6.25.jar:?]
	... 20 more
[11:03:42] [Server thread/INFO] (Minecraft) Saving chunks for level 'ServerLevel[New World]'/minecraft:the_nether
[11:03:42] [Server thread/INFO] (Minecraft) Saving chunks for level 'ServerLevel[New World]'/minecraft:the_end
[11:03:42] [Server thread/WARN] (Minecraft) Can't keep up! Is the server overloaded? Running 4660ms or 93 ticks behind
[11:03:59] [Server thread/INFO] (Minecraft) Saving and pausing game...
[11:03:59] [Server thread/INFO] (Minecraft) Saving chunks for level 'ServerLevel[New World]'/minecraft:overworld
[11:04:00] [Server thread/INFO] (Minecraft) Saving chunks for level 'ServerLevel[New World]'/minecraft:the_nether
[11:04:00] [Server thread/INFO] (Minecraft) Saving chunks for level 'ServerLevel[New World]'/minecraft:the_end
[11:04:00] [Server thread/INFO] (Minecraft) Player543 lost connection: Disconnected
[11:04:00] [Server thread/INFO] (Minecraft) Player543 left the game
[11:04:00] [Server thread/INFO] (Minecraft) Stopping singleplayer server as player logged out
[11:04:01] [Server thread/INFO] (Minecraft) Stopping server
[11:04:01] [Server thread/INFO] (Minecraft) Saving players
[11:04:01] [Server thread/INFO] (Minecraft) Saving worlds
[11:04:01] [Server thread/INFO] (Minecraft) Saving chunks for level 'ServerLevel[New World]'/minecraft:overworld
[11:04:02] [Server thread/INFO] (Minecraft) ThreadedAnvilChunkStorage (New World): All chunks are saved
[11:04:02] [Server thread/INFO] (Minecraft) Saving chunks for level 'ServerLevel[New World]'/minecraft:the_nether
[11:04:02] [Server thread/INFO] (Minecraft) ThreadedAnvilChunkStorage (DIM-1): All chunks are saved
[11:04:02] [Server thread/INFO] (Minecraft) Saving chunks for level 'ServerLevel[New World]'/minecraft:the_end
[11:04:02] [Server thread/INFO] (Minecraft) ThreadedAnvilChunkStorage (DIM1): All chunks are saved
[11:04:02] [Server thread/INFO] (Minecraft) ThreadedAnvilChunkStorage (New World): All chunks are saved
[11:04:02] [Server thread/INFO] (Minecraft) ThreadedAnvilChunkStorage (DIM-1): All chunks are saved
[11:04:02] [Server thread/INFO] (Minecraft) ThreadedAnvilChunkStorage (DIM1): All chunks are saved
[11:04:03] [main/INFO] (Minecraft) Stopping!
